[debug] [2024-02-07T19:53:12.254Z] ----------------------------------------------------------------------
[debug] [2024-02-07T19:53:12.255Z] Command:       /usr/local/bin/node /usr/local/bin/firebase init
[debug] [2024-02-07T19:53:12.255Z] CLI Version:   13.2.1
[debug] [2024-02-07T19:53:12.255Z] Platform:      darwin
[debug] [2024-02-07T19:53:12.255Z] Node Version:  v18.16.0
[debug] [2024-02-07T19:53:12.256Z] Time:          Wed Feb 07 2024 13:53:12 GMT-0600 (Central Standard Time)
[debug] [2024-02-07T19:53:12.256Z] ----------------------------------------------------------------------
[debug] 
[debug] [2024-02-07T19:53:12.258Z] > command requires scopes: ["email","openid","https://www.googleapis.com/auth/cloudplatformprojects.readonly","https://www.googleapis.com/auth/firebase","https://www.googleapis.com/auth/cloud-platform"]
[debug] [2024-02-07T19:53:12.258Z] > authorizing via signed-in user (md24anas@gmail.com)
[info] 
     ######## #### ########  ######## ########     ###     ######  ########
     ##        ##  ##     ## ##       ##     ##  ##   ##  ##       ##
     ######    ##  ########  ######   ########  #########  ######  ######
     ##        ##  ##    ##  ##       ##     ## ##     ##       ## ##
     ##       #### ##     ## ######## ########  ##     ##  ######  ########

You're about to initialize a Firebase project in this directory:

  /Users/mdanas/web

[info] 
=== Project Setup
[info] 
[info] First, let's associate this project directory with a Firebase project.
[info] You can create multiple project aliases by running firebase use --add, 
[info] but for now we'll just set up a default project.
[info] 
[debug] [2024-02-07T19:53:19.511Z] >>> [apiv2][query] GET https://firebase.googleapis.com/v1beta1/projects pageSize=100
[debug] [2024-02-07T19:53:19.831Z] <<< [apiv2][status] GET https://firebase.googleapis.com/v1beta1/projects 200
[debug] [2024-02-07T19:53:19.832Z] <<< [apiv2][body] GET https://firebase.googleapis.com/v1beta1/projects [omitted]
[info] i  Using project webcam-39db9 (webcam) 
[info] 
=== Hosting Setup
[debug] [2024-02-07T19:53:23.088Z] >>> [apiv2][query] GET https://firebase.googleapis.com/v1beta1/projects/webcam-39db9 [none]
[debug] [2024-02-07T19:53:23.228Z] <<< [apiv2][status] GET https://firebase.googleapis.com/v1beta1/projects/webcam-39db9 200
[debug] [2024-02-07T19:53:23.228Z] <<< [apiv2][body] GET https://firebase.googleapis.com/v1beta1/projects/webcam-39db9 {"projectId":"webcam-39db9","projectNumber":"795373894563","displayName":"webcam","name":"projects/webcam-39db9","resources":{"hostingSite":"webcam-39db9"},"state":"ACTIVE","etag":"1_584f5451-0290-4ae5-860f-bd571caeeecb"}
[info] 
[info] Your public directory is the folder (relative to your project directory) that
[info] will contain Hosting assets to be uploaded with firebase deploy. If you
[info] have a build process for your assets, use your build's output directory.
[info] 
[debug] [2024-02-07T19:54:01.471Z] >>> [apiv2][query] GET https://www.gstatic.com/firebasejs/releases.json [none]
[debug] [2024-02-07T19:54:01.573Z] <<< [apiv2][status] GET https://www.gstatic.com/firebasejs/releases.json 200
[debug] [2024-02-07T19:54:01.573Z] <<< [apiv2][body] GET https://www.gstatic.com/firebasejs/releases.json {"current":{"version":"10.8.0","browserURL":"https://www.gstatic.com/firebasejs/10.8.0/firebase.js","packageURL":"https://www.gstatic.com/firebasejs/10.8.0/firebase.tgz"},"live":{"version":"10.8","browserURL":"https://www.gstatic.com/firebasejs/live/10.8/firebase.js","packageURL":"https://www.gstatic.com/firebasejs/live/10.8/firebase.tgz"},"components":{"analytics":"https://www.gstatic.com/firebasejs/10.8.0/firebase-analytics.js","app":"https://www.gstatic.com/firebasejs/10.8.0/firebase-app.js","app-check":"https://www.gstatic.com/firebasejs/10.8.0/firebase-app-check.js","auth":"https://www.gstatic.com/firebasejs/10.8.0/firebase-auth.js","auth/cordova":"https://www.gstatic.com/firebasejs/10.8.0/firebase-auth/cordova.js","auth/web-extension":"https://www.gstatic.com/firebasejs/10.8.0/firebase-auth/web-extension.js","functions":"https://www.gstatic.com/firebasejs/10.8.0/firebase-functions.js","firestore":"https://www.gstatic.com/firebasejs/10.8.0/firebase-firestore.js","firestore/lite":"https://www.gstatic.com/firebasejs/10.8.0/firebase-firestore/lite.js","installations":"https://www.gstatic.com/firebasejs/10.8.0/firebase-installations.js","storage":"https://www.gstatic.com/firebasejs/10.8.0/firebase-storage.js","performance":"https://www.gstatic.com/firebasejs/10.8.0/firebase-performance.js","remote-config":"https://www.gstatic.com/firebasejs/10.8.0/firebase-remote-config.js","messaging":"https://www.gstatic.com/firebasejs/10.8.0/firebase-messaging.js","messaging/sw":"https://www.gstatic.com/firebasejs/10.8.0/firebase-messaging/sw.js","database":"https://www.gstatic.com/firebasejs/10.8.0/firebase-database.js","firestore.memory":"https://www.gstatic.com/firebasejs/10.8.0/firebase-firestore.memory.js"}}
[info] i  Skipping write of build/index.html 
[info] 
[info] i  Detected a .git folder at /Users/mdanas/web 
[info] i  Authorizing with GitHub to upload your service account to a GitHub repository's secrets store. 
[info] 
[info] Visit this URL on this device to log in:
[info] https://github.com/login/oauth/authorize?client_id=89cf50f02ac6aaed3484&state=448609204&redirect_uri=http%3A%2F%2Flocalhost%3A9005&scope=read%3Auser%20repo%20public_repo
[info] 
[info] Waiting for authentication...
[debug] [2024-02-07T19:54:32.324Z] >>> [apiv2][query] POST https://github.com/login/oauth/access_token [none]
[debug] [2024-02-07T19:54:32.324Z] >>> [apiv2][body] POST https://github.com/login/oauth/access_token [stream]
[debug] [2024-02-07T19:54:32.567Z] <<< [apiv2][status] POST https://github.com/login/oauth/access_token 200
[debug] [2024-02-07T19:54:32.567Z] <<< [apiv2][body] POST https://github.com/login/oauth/access_token {"access_token":"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","token_type":"bearer","scope":"read:user,repo"}
[debug] [2024-02-07T19:54:32.574Z] >>> [apiv2][query] GET https://api.github.com/user [none]
[debug] [2024-02-07T19:54:32.810Z] <<< [apiv2][status] GET https://api.github.com/user 200
[debug] [2024-02-07T19:54:32.810Z] <<< [apiv2][body] GET https://api.github.com/user {"login":"md24anas","id":25404712,"node_id":"MDQ6VXNlcjI1NDA0NzEy","avatar_url":"https://avatars.githubusercontent.com/u/25404712?v=4","gravatar_id":"","url":"https://api.github.com/users/md24anas","html_url":"https://github.com/md24anas","followers_url":"https://api.github.com/users/md24anas/followers","following_url":"https://api.github.com/users/md24anas/following{/other_user}","gists_url":"https://api.github.com/users/md24anas/gists{/gist_id}","starred_url":"https://api.github.com/users/md24anas/starred{/owner}{/repo}","subscriptions_url":"https://api.github.com/users/md24anas/subscriptions","organizations_url":"https://api.github.com/users/md24anas/orgs","repos_url":"https://api.github.com/users/md24anas/repos","events_url":"https://api.github.com/users/md24anas/events{/privacy}","received_events_url":"https://api.github.com/users/md24anas/received_events","type":"User","site_admin":false,"name":"Anas Mohammad","company":null,"blog":"","location":null,"email":null,"hireable":null,"bio":null,"twitter_username":null,"public_repos":24,"public_gists":0,"followers":0,"following":0,"created_at":"2017-01-28T16:08:03Z","updated_at":"2024-01-02T17:28:42Z","private_gists":0,"total_private_repos":1,"owned_private_repos":1,"disk_usage":11525,"collaborators":0,"two_factor_authentication":false,"plan":{"name":"free","space":976562499,"collaborators":0,"private_repos":10000}}
[info] 
[info] ✔  Success! Logged into GitHub as md24anas 
[info] 
